<?xml version="1.0" encoding="UTF-8"?>
<!-- Generated by org.testng.reporters.JUnitXMLReporter -->
<testsuite hostname="LAPTOP-NMGNCK8Q" ignored="1" name="Test" tests="3" failures="0" timestamp="2020-01-17T08:29:50 MST" time="24.966" errors="0">
  <testcase name="loginVerification" time="1.881" classname="com.class5.LogoAndLogin"/>
  <testcase name="titleVerification" time="0.014" classname="com.class5.TitleAndLoginVerification"/>
  <testcase name="loginVerification" time="9.008" classname="com.class5.TitleAndLoginVerification"/>
  <testcase name="logoVerification" time="0.0" classname="com.class5.LogoAndLogin">
    <ignored/>
  </testcase> <!-- logoVerification -->
</testsuite> <!-- Test -->
