<?xml version="1.0" encoding="UTF-8"?>
<!-- Generated by org.testng.reporters.JUnitXMLReporter -->
<testsuite hostname="Sumairs-MacBook-Pro.local" ignored="4" name="Regression Test" tests="3" failures="0" timestamp="2020-01-25T13:31:30 EST" time="84.461" errors="0">
  <testcase name="leaveLabelvalidation" time="12.054" classname="com.hrms.testcases.LeaveListPageTest"/>
  <testcase name="addMultipleEmpoyee" time="16.139" classname="com.hrms.testcases.AddEmployeePageTest"/>
  <testcase name="addMultipleEmpoyee" time="37.94" classname="com.hrms.testcases.AddEmployeePageTest"/>
  <testcase name="@AfterTest writeReport" time="0.0" classname="com.hrms.testbase.BaseClass">
    <ignored/>
  </testcase> <!-- @AfterTest writeReport -->
  <testcase name="@AfterTest writeReport" time="0.0" classname="com.hrms.testbase.BaseClass">
    <ignored/>
  </testcase> <!-- @AfterTest writeReport -->
  <testcase name="@BeforeTest generateReports" time="0.0" classname="com.hrms.testbase.BaseClass">
    <ignored/>
  </testcase> <!-- @BeforeTest generateReports -->
  <testcase name="@BeforeTest generateReports" time="0.0" classname="com.hrms.testbase.BaseClass">
    <ignored/>
  </testcase> <!-- @BeforeTest generateReports -->
</testsuite> <!-- Regression Test -->
