<?xml version="1.0" encoding="UTF-8"?>
<!-- Generated by org.testng.reporters.JUnitXMLReporter -->
<testsuite hostname="LAPTOP-NMGNCK8Q" ignored="0" name="Add Employee" tests="2" failures="1" timestamp="2020-01-14T17:44:37 MST" time="9.719" errors="0">
  <testcase name="titleValidation" time="0.022" classname="com.class2.AssertionsDemo">
    <failure type="java.lang.AssertionError" message="titles are not matched expected [Human Management Systems] but found [Human Management System]">
      <![CDATA[java.lang.AssertionError: titles are not matched expected [Human Management Systems] but found [Human Management System]
at com.class2.AssertionsDemo.titleValidation(AssertionsDemo.java:29)
at java.util.ArrayList.forEach(Unknown Source)
... Removed 31 stack frames]]>
    </failure>
  </testcase> <!-- titleValidation -->
  <testcase name="logoValidation" time="0.064" classname="com.class2.AssertionsDemo"/>
</testsuite> <!-- Add Employee -->
