<?xml version="1.0" encoding="UTF-8"?>
<!-- Generated by org.testng.reporters.JUnitXMLReporter -->
<testsuite hostname="LAPTOP-NMGNCK8Q" ignored="15" name="Regression Test" tests="1" failures="1" timestamp="2020-01-14T19:12:13 MST" time="0.061" errors="0">
  <testcase name="loginVerification" time="0.011" classname="com.class2.Groups">
    <failure type="java.lang.NullPointerException">
      <![CDATA[java.lang.NullPointerException
at com.class2.Groups.loginVerification(Groups.java:28)
at java.util.ArrayList.forEach(Unknown Source)
... Removed 27 stack frames]]>
    </failure>
  </testcase> <!-- loginVerification -->
  <testcase name="task02" time="0.0" classname="com.class1.TestNGTask1">
    <ignored/>
  </testcase> <!-- task02 -->
  <testcase name="test" time="0.0" classname="com.class3.AlwaysRun">
    <ignored/>
  </testcase> <!-- test -->
  <testcase name="testTwo" time="0.0" classname="com.class1.TestNGDemo">
    <ignored/>
  </testcase> <!-- testTwo -->
  <testcase name="login" time="0.0" classname="com.class2.Test1">
    <ignored/>
  </testcase> <!-- login -->
  <testcase name="Login" time="0.0" classname="com.class1.LoginUnloginVerification">
    <ignored/>
  </testcase> <!-- Login -->
  <testcase name="test1" time="0.0" classname="com.class3.AlwaysRun">
    <ignored/>
  </testcase> <!-- test1 -->
  <testcase name="logoVerification" time="0.0" classname="com.class1.LoginUnloginVerification">
    <ignored/>
  </testcase> <!-- logoVerification -->
  <testcase name="testOne" time="0.0" classname="com.class1.TestNGDemo">
    <ignored/>
  </testcase> <!-- testOne -->
  <testcase name="testThree" time="0.0" classname="com.class1.TestNGDemo">
    <ignored/>
  </testcase> <!-- testThree -->
  <testcase name="task03" time="0.0" classname="com.class1.TestNGTask1">
    <ignored/>
  </testcase> <!-- task03 -->
  <testcase name="loginVerification" time="0.0" classname="com.class1.TitleLogoAndLoginVerification">
    <ignored/>
  </testcase> <!-- loginVerification -->
  <testcase name="login" time="0.0" classname="com.class1.LoginUnloginVerification">
    <ignored/>
  </testcase> <!-- login -->
  <testcase name="logoandlogin" time="0.0" classname="com.class2.SoftAssertionsDemo">
    <ignored/>
  </testcase> <!-- logoandlogin -->
  <testcase name="test" time="0.0" classname="com.class1.DifferentAnnotations">
    <ignored/>
  </testcase> <!-- test -->
  <testcase name="task01" time="0.0" classname="com.class1.TestNGTask1">
    <ignored/>
  </testcase> <!-- task01 -->
</testsuite> <!-- Regression Test -->
