<?xml version="1.0" encoding="UTF-8"?>
<!-- Generated by org.testng.reporters.JUnitXMLReporter -->
<testsuite hostname="LAPTOP-NMGNCK8Q" ignored="21" name="Smoke Test" tests="2" failures="1" timestamp="2020-01-15T09:28:20 MST" time="14.436" errors="0">
  <testcase name="validLogin" time="2.448" classname="com.class2.Groups"/>
  <testcase name="titleValidation" time="0.022" classname="com.class2.AssertionsDemo">
    <failure type="java.lang.AssertionError" message="Titles are NOT matched expected [Human Management Systems] but found [Human Management System]">
      <![CDATA[java.lang.AssertionError: Titles are NOT matched expected [Human Management Systems] but found [Human Management System]
at com.class2.AssertionsDemo.titleValidation(AssertionsDemo.java:23)
at java.util.ArrayList.forEach(Unknown Source)
... Removed 31 stack frames]]>
    </failure>
  </testcase> <!-- titleValidation -->
  <testcase name="task02" time="0.0" classname="com.class1.TestNGTask1">
    <ignored/>
  </testcase> <!-- task02 -->
  <testcase name="test" time="0.0" classname="com.class3.AlwaysRun">
    <ignored/>
  </testcase> <!-- test -->
  <testcase name="testTwo" time="0.0" classname="com.class1.TestNGDemo">
    <ignored/>
  </testcase> <!-- testTwo -->
  <testcase name="Login" time="0.0" classname="com.class1.LoginUnloginVerification">
    <ignored/>
  </testcase> <!-- Login -->
  <testcase name="test1" time="0.0" classname="com.class3.AlwaysRun">
    <ignored/>
  </testcase> <!-- test1 -->
  <testcase name="logoVerification" time="0.0" classname="com.class1.LoginUnloginVerification">
    <ignored/>
  </testcase> <!-- logoVerification -->
  <testcase name="testOne" time="0.0" classname="com.class1.TestNGDemo">
    <ignored/>
  </testcase> <!-- testOne -->
  <testcase name="testThree" time="0.0" classname="com.class1.TestNGDemo">
    <ignored/>
  </testcase> <!-- testThree -->
  <testcase name="task03" time="0.0" classname="com.class1.TestNGTask1">
    <ignored/>
  </testcase> <!-- task03 -->
  <testcase name="loginVerification" time="0.0" classname="com.class1.TitleLogoAndLoginVerification">
    <ignored/>
  </testcase> <!-- loginVerification -->
  <testcase name="login" time="0.0" classname="com.class1.LoginUnloginVerification">
    <ignored/>
  </testcase> <!-- login -->
  <testcase name="titleValidation" time="0.0" classname="com.class2.Groups">
    <ignored/>
  </testcase> <!-- titleValidation -->
  <testcase name="login" time="0.0" classname="com.class3.DataProviderDemo">
    <ignored/>
  </testcase> <!-- login -->
  <testcase name="login" time="0.0" classname="com.class3.HW">
    <ignored/>
  </testcase> <!-- login -->
  <testcase name="validationOfLogo" time="0.0" classname="com.class2.HW">
    <ignored/>
  </testcase> <!-- validationOfLogo -->
  <testcase name="logoandlogin" time="0.0" classname="com.class2.SoftAssertionsDemo">
    <ignored/>
  </testcase> <!-- logoandlogin -->
  <testcase name="test" time="0.0" classname="com.class1.DifferentAnnotations">
    <ignored/>
  </testcase> <!-- test -->
  <testcase name="validationOfMessage" time="0.0" classname="com.class2.HW">
    <ignored/>
  </testcase> <!-- validationOfMessage -->
  <testcase name="login" time="0.0" classname="com.class2.HW2">
    <ignored/>
  </testcase> <!-- login -->
  <testcase name="task01" time="0.0" classname="com.class1.TestNGTask1">
    <ignored/>
  </testcase> <!-- task01 -->
  <testcase name="logoValidation" time="0.0" classname="com.class2.AssertionsDemo">
    <ignored/>
  </testcase> <!-- logoValidation -->
</testsuite> <!-- Smoke Test -->
